#
# There is insufficient memory for the Java Runtime Environment to continue.
# Native memory allocation (malloc) failed to allocate 32744 bytes for ChunkPool::allocate
# Possible reasons:
#   The system is out of physical RAM or swap space
#   In 32 bit mode, the process size limit was hit
# Possible solutions:
#   Reduce memory load on the system
#   Increase physical memory or swap space
#   Check if swap backing store is full
#   Use 64 bit Java on a 64 bit OS
#   Decrease Java heap size (-Xmx/-Xms)
#   Decrease number of Java threads
#   Decrease Java thread stack sizes (-Xss)
#   Set larger code cache with -XX:ReservedCodeCacheSize=
# This output file may be truncated or incomplete.
#
#  Out of Memory Error (allocation.cpp:273), pid=19648, tid=19980
#
# JRE version: Java(TM) SE Runtime Environment (8.0_60-b27) (build 1.8.0_60-b27)
# Java VM: Java HotSpot(TM) 64-Bit Server VM (25.60-b23 mixed mode windows-amd64 compressed oops)
# Failed to write core dump. Minidumps are not enabled by default on client versions of Windows
#

---------------  T H R E A D  ---------------

Current thread (0x0000000016278800):  JavaThread "pool-1-thread-1" [_thread_in_vm, id=19980, stack(0x0000000016a50000,0x0000000016b50000)]

Stack: [0x0000000016a50000,0x0000000016b50000]
[error occurred during error reporting (printing stack bounds), id 0xc0000005]

Native frames: (J=compiled Java code, j=interpreted, Vv=VM code, C=native code)

Java frames: (J=compiled Java code, j=interpreted, Vv=VM code)
j  java.lang.ClassLoader.defineClass1(Ljava/lang/String;[BIILjava/security/ProtectionDomain;Ljava/lang/String;)Ljava/lang/Class;+0
j  java.lang.ClassLoader.defineClass(Ljava/lang/String;[BIILjava/security/ProtectionDomain;)Ljava/lang/Class;+27
j  java.security.SecureClassLoader.defineClass(Ljava/lang/String;[BIILjava/security/CodeSource;)Ljava/lang/Class;+12
j  java.net.URLClassLoader.defineClass(Ljava/lang/String;Lsun/misc/Resource;)Ljava/lang/Class;+138
j  java.net.URLClassLoader.access$100(Ljava/net/URLClassLoader;Ljava/lang/String;Lsun/misc/Resource;)Ljava/lang/Class;+3
j  java.net.URLClassLoader$1.run()Ljava/lang/Class;+43
j  java.net.URLClassLoader$1.run()Ljava/lang/Object;+1
v  ~StubRoutines::call_stub
j  java.security.AccessController.doPrivileged(Ljava/security/PrivilegedExceptionAction;Ljava/security/AccessControlContext;)Ljava/lang/Object;+0
j  java.net.URLClassLoader.findClass(Ljava/lang/String;)Ljava/lang/Class;+13
J 97 C1 java.lang.ClassLoader.loadClass(Ljava/lang/String;Z)Ljava/lang/Class; (122 bytes) @ 0x00000000023744ec [0x0000000002373b80+0x96c]
j  sun.misc.Launcher$AppClassLoader.loadClass(Ljava/lang/String;Z)Ljava/lang/Class;+81
j  java.lang.ClassLoader.loadClass(Ljava/lang/String;)Ljava/lang/Class;+3
v  ~StubRoutines::call_stub
j  com.android.dx.dex.DexOptions.getMagic()Ljava/lang/String;+4
j  com.android.dx.dex.file.HeaderItem.writeTo(Lcom/android/dx/dex/file/DexFile;Lcom/android/dx/util/AnnotatedOutput;)V+47
j  com.android.dx.dex.file.UniformItemSection.writeTo0(Lcom/android/dx/util/AnnotatedOutput;)V+47
j  com.android.dx.dex.file.Section.writeTo(Lcom/android/dx/util/AnnotatedOutput;)V+155
j  com.android.dx.dex.file.DexFile.toDex0(ZZ)Lcom/android/dx/util/ByteArrayAnnotatedOutput;+369
j  com.android.dx.dex.file.DexFile.toDex(Ljava/io/Writer;Z)[B+13
j  com.android.dx.command.dexer.Main.writeDex(Lcom/android/dx/dex/file/DexFile;)[B+44
j  com.android.dx.command.dexer.Main.access$3000(Lcom/android/dx/dex/file/DexFile;)[B+1
j  com.android.dx.command.dexer.Main$DexWriter.call()[B+4
j  com.android.dx.command.dexer.Main$DexWriter.call()Ljava/lang/Object;+1
j  java.util.concurrent.FutureTask.run()V+42
j  java.util.concurrent.ThreadPoolExecutor.runWorker(Ljava/util/concurrent/ThreadPoolExecutor$Worker;)V+95
j  java.util.concurrent.ThreadPoolExecutor$Worker.run()V+5
j  java.lang.Thread.run()V+11
v  ~StubRoutines::call_stub

---------------  P R O C E S S  ---------------

Java Threads: ( => current thread )
=>0x0000000016278800 JavaThread "pool-1-thread-1" [_thread_in_vm, id=19980, stack(0x0000000016a50000,0x0000000016b50000)]
  0x0000000016159800 JavaThread "Service Thread" daemon [_thread_blocked, id=19716, stack(0x0000000016650000,0x0000000016750000)]
  0x000000001496e000 JavaThread "C1 CompilerThread2" daemon [_thread_blocked, id=19660, stack(0x0000000016550000,0x0000000016650000)]
  0x0000000014963800 JavaThread "C2 CompilerThread1" daemon [_thread_blocked, id=19036, stack(0x0000000016050000,0x0000000016150000)]
  0x000000001491d000 JavaThread "C2 CompilerThread0" daemon [_thread_blocked, id=15760, stack(0x0000000015f50000,0x0000000016050000)]
  0x000000001491b800 JavaThread "Attach Listener" daemon [_thread_blocked, id=19944, stack(0x0000000015e50000,0x0000000015f50000)]
  0x000000001491a800 JavaThread "Signal Dispatcher" daemon [_thread_blocked, id=18768, stack(0x0000000015d50000,0x0000000015e50000)]
  0x0000000002232000 JavaThread "Finalizer" daemon [_thread_blocked, id=8184, stack(0x0000000015b70000,0x0000000015c70000)]
  0x000000000222f000 JavaThread "Reference Handler" daemon [_thread_blocked, id=15180, stack(0x0000000015a70000,0x0000000015b70000)]
  0x0000000002142800 JavaThread "main" [_thread_blocked, id=9608, stack(0x0000000001f00000,0x0000000002000000)]

Other Threads:
  0x00000000148d7800 VMThread [stack: 0x0000000015970000,0x0000000015a70000] [id=2604]
  0x000000001616e800 WatcherThread [stack: 0x0000000016750000,0x0000000016850000] [id=15036]

VM state:not at safepoint (normal execution)

VM Mutex/Monitor currently owned by a thread: None

Heap:
 PSYoungGen      total 76288K, used 9175K [0x00000000eab00000, 0x00000000f0000000, 0x0000000100000000)
  eden space 65536K, 14% used [0x00000000eab00000,0x00000000eb3f5d90,0x00000000eeb00000)
  from space 10752K, 0% used [0x00000000ef580000,0x00000000ef580000,0x00000000f0000000)
  to   space 10752K, 0% used [0x00000000eeb00000,0x00000000eeb00000,0x00000000ef580000)
 ParOldGen       total 175104K, used 0K [0x00000000c0000000, 0x00000000cab00000, 0x00000000eab00000)
  object space 175104K, 0% used [0x00000000c0000000,0x00000000c0000000,0x00000000cab00000)
 Metaspace       used 3733K, capacity 5104K, committed 5376K, reserved 1056768K
  class space    used 424K, capacity 488K, committed 512K, reserved 1048576K

Card table byte_map: [0x0000000011600000,0x0000000011810000] byte_map_base: 0x0000000011000000

Marking Bits: (ParMarkBitMap*) 0x000000006effa5b0
 Begin Bits: [0x0000000011d70000, 0x0000000012d70000)
 End Bits:   [0x0000000012d70000, 0x0000000013d70000)

Polling page: 0x0000000001e20000

CodeCache: size=245760Kb used=1337Kb max_used=1337Kb free=244422Kb
 bounds [0x0000000002240000, 0x00000000024b0000, 0x0000000011240000]
 total_blobs=387 nmethods=141 adapters=159
 compilation: enabled

Compilation events (10 events):
Event: 0.368 Thread 0x000000001496e000  130       3       java.io.InputStream::<init> (5 bytes)
Event: 0.368 Thread 0x000000001496e000 nmethod 130 0x0000000002388c50 code [0x0000000002388dc0, 0x0000000002388f70]
Event: 0.370 Thread 0x0000000014963800  134       4       java.util.concurrent.ConcurrentHashMap::setTabAt (19 bytes)
Event: 0.370 Thread 0x000000001496e000  136       3       java.nio.charset.CharsetEncoder::maxBytesPerChar (5 bytes)
Event: 0.370 Thread 0x000000001491d000  137       4       java.lang.String::lastIndexOf (52 bytes)
Event: 0.370 Thread 0x000000001496e000 nmethod 136 0x0000000002389410 code [0x0000000002389560, 0x00000000023896b0]
Event: 0.370 Thread 0x000000001496e000  138       3       java.util.zip.ZipFile::ensureOpen (37 bytes)
Event: 0.370 Thread 0x0000000014963800 nmethod 134 0x000000000237f3d0 code [0x000000000237f500, 0x000000000237f578]
Event: 0.370 Thread 0x000000001496e000 nmethod 138 0x000000000238bd10 code [0x000000000238bea0, 0x000000000238c218]
Event: 0.370 Thread 0x000000001496e000  140       3       java.util.zip.ZipCoder::getBytes (192 bytes)

GC Heap History (0 events):
No events

Deoptimization events (0 events):
No events

Internal exceptions (2 events):
Event: 0.082 Thread 0x0000000002142800 Exception <a 'java/lang/NoSuchMethodError': Method sun.misc.Unsafe.defineClass(Ljava/lang/String;[BII)Ljava/lang/Class; name or signature does not match> (0x00000000eab0e668) thrown at [C:\re\workspace\8-2-build-windows-amd64-cygwin\jdk8u60\4407\hotspot\srhNÊ¦µ?
Event: 0.082 Thread 0x0000000002142800 Exception <a 'java/lang/NoSuchMethodError': Method sun.misc.Unsafe.prefetchRead(Ljava/lang/Object;J)V name or signature does not match> (0x00000000eab0e950) thrown at [C:\re\workspace\8-2-build-windows-amd64-cygwin\jdk8u60\4407\hotspot\src\share\vm\prims\j

Events (10 events):
Event: 0.367 loading class java/lang/NoSuchFieldError
Event: 0.367 loading class java/lang/NoSuchFieldError done
Event: 0.367 loading class com/android/dx/dex/file/MapItem
Event: 0.368 loading class com/android/dx/dex/file/MapItem done
Event: 0.368 loading class com/android/dx/dex/file/UniformListItem
Event: 0.368 loading class com/android/dx/dex/file/UniformListItem done
Event: 0.370 loading class com/android/dx/util/ByteArrayAnnotatedOutput
Event: 0.370 loading class com/android/dx/util/ByteArrayAnnotatedOutput done
Event: 0.372 loading class com/android/dex/DexFormat
Event: 0.372 loading class com/android/dex/DexFormat done


Dynamic libraries:
0x00007ff784db0000 - 0x00007ff784de7000 	C:\Program Files\Java\jdk1.8.0_60\bin\java.exe
0x00007ffc7b410000 - 0x00007ffc7b5d1000 	C:\WINDOWS\SYSTEM32\ntdll.dll
0x00007ffc7a2c0000 - 0x00007ffc7a36d000 	C:\WINDOWS\system32\KERNEL32.DLL
0x00007ffc784e0000 - 0x00007ffc786c8000 	C:\WINDOWS\system32\KERNELBASE.dll
0x00007ffc7a540000 - 0x00007ffc7a5e7000 	C:\WINDOWS\system32\ADVAPI32.dll
0x00007ffc7b370000 - 0x00007ffc7b40d000 	C:\WINDOWS\system32\msvcrt.dll
0x00007ffc7a370000 - 0x00007ffc7a3cb000 	C:\WINDOWS\system32\sechost.dll
0x00007ffc7a670000 - 0x00007ffc7a78c000 	C:\WINDOWS\system32\RPCRT4.dll
0x00007ffc7a3e0000 - 0x00007ffc7a536000 	C:\WINDOWS\system32\USER32.dll
0x00007ffc7b110000 - 0x00007ffc7b296000 	C:\WINDOWS\system32\GDI32.dll
0x00007ffc68300000 - 0x00007ffc68574000 	C:\WINDOWS\WinSxS\amd64_microsoft.windows.common-controls_6595b64144ccf1df_6.0.10586.0_none_8c15ae12515e1c22\COMCTL32.dll
0x00007ffc78810000 - 0x00007ffc78a8d000 	C:\WINDOWS\system32\combase.dll
0x00007ffc78780000 - 0x00007ffc787ea000 	C:\WINDOWS\system32\bcryptPrimitives.dll
0x00007ffc7ac30000 - 0x00007ffc7ac6b000 	C:\WINDOWS\system32\IMM32.DLL
0x000000006e6b0000 - 0x000000006e782000 	C:\Program Files\Java\jdk1.8.0_60\jre\bin\msvcr100.dll
0x000000006e7f0000 - 0x000000006f079000 	C:\Program Files\Java\jdk1.8.0_60\jre\bin\server\jvm.dll
0x00007ffc7a650000 - 0x00007ffc7a658000 	C:\WINDOWS\system32\PSAPI.DLL
0x00007ffc67cd0000 - 0x00007ffc67cd9000 	C:\WINDOWS\SYSTEM32\WSOCK32.dll
0x00007ffc7abc0000 - 0x00007ffc7ac2b000 	C:\WINDOWS\system32\WS2_32.dll
0x00007ffc761e0000 - 0x00007ffc76203000 	C:\WINDOWS\SYSTEM32\WINMM.dll
0x00007ffc6a6c0000 - 0x00007ffc6a6ca000 	C:\WINDOWS\SYSTEM32\VERSION.dll
0x00007ffc761b0000 - 0x00007ffc761dc000 	C:\WINDOWS\SYSTEM32\WINMMBASE.dll
0x00007ffc786d0000 - 0x00007ffc78713000 	C:\WINDOWS\system32\cfgmgr32.dll
0x0000000070bf0000 - 0x0000000070bff000 	C:\Program Files\Java\jdk1.8.0_60\jre\bin\verify.dll
0x00000000700f0000 - 0x0000000070119000 	C:\Program Files\Java\jdk1.8.0_60\jre\bin\java.dll
0x000000006f460000 - 0x000000006f476000 	C:\Program Files\Java\jdk1.8.0_60\jre\bin\zip.dll
0x00007ffc78af0000 - 0x00007ffc7a04c000 	C:\WINDOWS\system32\SHELL32.dll
0x00007ffc77e90000 - 0x00007ffc784d5000 	C:\WINDOWS\system32\windows.storage.dll
0x00007ffc7a5f0000 - 0x00007ffc7a642000 	C:\WINDOWS\system32\shlwapi.dll
0x00007ffc77ab0000 - 0x00007ffc77abf000 	C:\WINDOWS\system32\kernel.appcore.dll
0x00007ffc77b50000 - 0x00007ffc77c05000 	C:\WINDOWS\system32\shcore.dll
0x00007ffc77a50000 - 0x00007ffc77a9b000 	C:\WINDOWS\system32\powrprof.dll
0x00007ffc77a30000 - 0x00007ffc77a44000 	C:\WINDOWS\system32\profapi.dll

VM Arguments:
jvm_args: -Djava.awt.headless=true -Xmx1024M -Dfile.encoding=windows-1252 -Duser.country=US -Duser.language=en -Duser.variant 
java_command: com.android.dx.command.Main --dex --force-jumbo --num-threads=4 --multi-dex --output C:\Users\leonllyu\AndroidStudioProjects\Lab3b_DangerousApp\app\build\intermediates\transforms\dex\debug\folders\1000\5\slice_6 C:\Users\leonllyu\AndroidStudioProjects\Lab3b_DangerousApp\app\build\intermediates\transforms\instantRunSlicer\debug\folders\1\5\slice_6
java_class_path (initial): C:\Users\leonllyu\AppData\Local\Android\sdk\build-tools\23.0.3\lib\dx.jar
Launcher Type: SUN_STANDARD

Environment Variables:
JAVA_HOME=C:\Program Files\Java\jdk1.8.0_60
USERNAME=leonllyu
OS=Windows_NT
PROCESSOR_IDENTIFIER=Intel64 Family 6 Model 61 Stepping 4, GenuineIntel



---------------  S Y S T E M  ---------------

OS: Windows 10.0 , 64 bit Build 10586 (10.0.10586.0)

CPU:total 4 (2 cores per cpu, 2 threads per core) family 6 model 61 stepping 4, cmov, cx8, fxsr, mmx, sse, sse2, sse3, ssse3, sse4.1, sse4.2, popcnt, avx, avx2, aes, clmul, erms, 3dnowpref, lzcnt, ht, tsc, tscinvbit, bmi1, bmi2, adx

Memory: 4k page, physical 16688992k(5847992k free), swap 19965788k(664772k free)

vm_info: Java HotSpot(TM) 64-Bit Server VM (25.60-b23) for windows-amd64 JRE (1.8.0_60-b27), built on Aug  4 2015 11:06:27 by "java_re" with MS VC++ 10.0 (VS2010)

time: Fri Jun 10 20:46:58 2016
elapsed time: 0 seconds (0d 0h 0m 0s)

