#
# There is insufficient memory for the Java Runtime Environment to continue.
# Native memory allocation (malloc) failed to allocate 1048576 bytes for AllocateHeap
# Possible reasons:
#   The system is out of physical RAM or swap space
#   In 32 bit mode, the process size limit was hit
# Possible solutions:
#   Reduce memory load on the system
#   Increase physical memory or swap space
#   Check if swap backing store is full
#   Use 64 bit Java on a 64 bit OS
#   Decrease Java heap size (-Xmx/-Xms)
#   Decrease number of Java threads
#   Decrease Java thread stack sizes (-Xss)
#   Set larger code cache with -XX:ReservedCodeCacheSize=
# This output file may be truncated or incomplete.
#
#  Out of Memory Error (memory/allocation.inline.hpp:61), pid=13280, tid=19256
#
# JRE version:  (8.0_60-b27) (build )
# Java VM: Java HotSpot(TM) 64-Bit Server VM (25.60-b23 mixed mode windows-amd64 compressed oops)
# Failed to write core dump. Minidumps are not enabled by default on client versions of Windows
#

---------------  T H R E A D  ---------------

Current thread (0x0000000002172800):  JavaThread "Unknown thread" [_thread_in_vm, id=19256, stack(0x0000000002070000,0x0000000002170000)]

Stack: [0x0000000002070000,0x0000000002170000]
[error occurred during error reporting (printing stack bounds), id 0xc0000005]

Native frames: (J=compiled Java code, j=interpreted, Vv=VM code, C=native code)


---------------  P R O C E S S  ---------------

Java Threads: ( => current thread )

Other Threads:

=>0x0000000002172800 (exited) JavaThread "Unknown thread" [_thread_in_vm, id=19256, stack(0x0000000002070000,0x0000000002170000)]

VM state:not at safepoint (normal execution)

VM Mutex/Monitor currently owned by a thread: None

Heap:
 PSYoungGen      total 76288K, used 1310K [0x00000000eab00000, 0x00000000f0000000, 0x0000000100000000)
  eden space 65536K, 2% used [0x00000000eab00000,0x00000000eac47af0,0x00000000eeb00000)
  from space 10752K, 0% used [0x00000000ef580000,0x00000000ef580000,0x00000000f0000000)
  to   space 10752K, 0% used [0x00000000eeb00000,0x00000000eeb00000,0x00000000ef580000)
 ParOldGen       total 175104K, used 0K [0x00000000c0000000, 0x00000000cab00000, 0x00000000eab00000)
  object space 175104K, 0% used [0x00000000c0000000,0x00000000c0000000,0x00000000cab00000)
 Metaspace       used 767K, capacity 4480K, committed 4480K, reserved 1056768K
  class space    used 75K, capacity 384K, committed 384K, reserved 1048576K

Card table byte_map: [0x0000000011630000,0x0000000011840000] byte_map_base: 0x0000000011030000

Marking Bits: (ParMarkBitMap*) 0x000000006effa5b0
 Begin Bits: [0x0000000011da0000, 0x0000000012da0000)
 End Bits:   [0x0000000012da0000, 0x0000000013da0000)

Polling page: 0x00000000001f0000

CodeCache: size=245760Kb used=328Kb max_used=328Kb free=245431Kb
 bounds [0x0000000002270000, 0x00000000024e0000, 0x0000000011270000]
 total_blobs=57 nmethods=0 adapters=37
 compilation: enabled

Compilation events (0 events):
No events

GC Heap History (0 events):
No events

Deoptimization events (0 events):
No events

Internal exceptions (0 events):
No events

Events (10 events):
Event: 0.093 loading class java/lang/Short
Event: 0.093 loading class java/lang/Short done
Event: 0.093 loading class java/lang/Integer
Event: 0.094 loading class java/lang/Integer done
Event: 0.094 loading class java/lang/Long
Event: 0.112 loading class java/lang/Long done
Event: 0.153 loading class java/lang/NullPointerException
Event: 0.153 loading class java/lang/NullPointerException done
Event: 0.153 loading class java/lang/ArithmeticException
Event: 0.153 loading class java/lang/ArithmeticException done


Dynamic libraries:
0x00007ff784db0000 - 0x00007ff784de7000 	C:\Program Files\Java\jdk1.8.0_60\bin\java.exe
0x00007ffc7b410000 - 0x00007ffc7b5d1000 	C:\WINDOWS\SYSTEM32\ntdll.dll
0x00007ffc7a2c0000 - 0x00007ffc7a36d000 	C:\WINDOWS\system32\KERNEL32.DLL
0x00007ffc784e0000 - 0x00007ffc786c8000 	C:\WINDOWS\system32\KERNELBASE.dll
0x00007ffc7a540000 - 0x00007ffc7a5e7000 	C:\WINDOWS\system32\ADVAPI32.dll
0x00007ffc7b370000 - 0x00007ffc7b40d000 	C:\WINDOWS\system32\msvcrt.dll
0x00007ffc7a370000 - 0x00007ffc7a3cb000 	C:\WINDOWS\system32\sechost.dll
0x00007ffc7a670000 - 0x00007ffc7a78c000 	C:\WINDOWS\system32\RPCRT4.dll
0x00007ffc7a3e0000 - 0x00007ffc7a536000 	C:\WINDOWS\system32\USER32.dll
0x00007ffc7b110000 - 0x00007ffc7b296000 	C:\WINDOWS\system32\GDI32.dll
0x00007ffc68300000 - 0x00007ffc68574000 	C:\WINDOWS\WinSxS\amd64_microsoft.windows.common-controls_6595b64144ccf1df_6.0.10586.0_none_8c15ae12515e1c22\COMCTL32.dll
0x00007ffc78810000 - 0x00007ffc78a8d000 	C:\WINDOWS\system32\combase.dll
0x00007ffc78780000 - 0x00007ffc787ea000 	C:\WINDOWS\system32\bcryptPrimitives.dll
0x00007ffc7ac30000 - 0x00007ffc7ac6b000 	C:\WINDOWS\system32\IMM32.DLL
0x000000006e6b0000 - 0x000000006e782000 	C:\Program Files\Java\jdk1.8.0_60\jre\bin\msvcr100.dll
0x000000006e7f0000 - 0x000000006f079000 	C:\Program Files\Java\jdk1.8.0_60\jre\bin\server\jvm.dll
0x00007ffc7a650000 - 0x00007ffc7a658000 	C:\WINDOWS\system32\PSAPI.DLL
0x00007ffc67cd0000 - 0x00007ffc67cd9000 	C:\WINDOWS\SYSTEM32\WSOCK32.dll
0x00007ffc761e0000 - 0x00007ffc76203000 	C:\WINDOWS\SYSTEM32\WINMM.dll
0x00007ffc7abc0000 - 0x00007ffc7ac2b000 	C:\WINDOWS\system32\WS2_32.dll
0x00007ffc6a6c0000 - 0x00007ffc6a6ca000 	C:\WINDOWS\SYSTEM32\VERSION.dll
0x0000000002020000 - 0x000000000204c000 	C:\WINDOWS\SYSTEM32\WINMMBASE.dll
0x00007ffc786d0000 - 0x00007ffc78713000 	C:\WINDOWS\system32\cfgmgr32.dll
0x0000000070bf0000 - 0x0000000070bff000 	C:\Program Files\Java\jdk1.8.0_60\jre\bin\verify.dll
0x00000000700f0000 - 0x0000000070119000 	C:\Program Files\Java\jdk1.8.0_60\jre\bin\java.dll
0x000000006f460000 - 0x000000006f476000 	C:\Program Files\Java\jdk1.8.0_60\jre\bin\zip.dll

VM Arguments:
jvm_args: -Djava.awt.headless=true -Xmx1024M -Dfile.encoding=windows-1252 -Duser.country=US -Duser.language=en -Duser.variant 
java_command: com.android.dx.command.Main --dex --force-jumbo --num-threads=4 --multi-dex --output C:\Users\leonllyu\AndroidStudioProjects\Lab3b_DangerousApp\app\build\intermediates\transforms\dex\debug\folders\1000\5\slice_9 C:\Users\leonllyu\AndroidStudioProjects\Lab3b_DangerousApp\app\build\intermediates\transforms\instantRunSlicer\debug\folders\1\5\slice_9
java_class_path (initial): C:\Users\leonllyu\AppData\Local\Android\sdk\build-tools\23.0.3\lib\dx.jar
Launcher Type: SUN_STANDARD

Environment Variables:
JAVA_HOME=C:\Program Files\Java\jdk1.8.0_60
USERNAME=leonllyu
OS=Windows_NT
PROCESSOR_IDENTIFIER=Intel64 Family 6 Model 61 Stepping 4, GenuineIntel



---------------  S Y S T E M  ---------------

OS: Windows 10.0 , 64 bit Build 10586 (10.0.10586.0)

CPU:total 4 (2 cores per cpu, 2 threads per core) family 6 model 61 stepping 4, cmov, cx8, fxsr, mmx, sse, sse2, sse3, ssse3, sse4.1, sse4.2, popcnt, avx, avx2, aes, clmul, erms, 3dnowpref, lzcnt, ht, tsc, tscinvbit, bmi1, bmi2, adx

Memory: 4k page, physical 16688992k(5808788k free), swap 19965788k(4280k free)

vm_info: Java HotSpot(TM) 64-Bit Server VM (25.60-b23) for windows-amd64 JRE (1.8.0_60-b27), built on Aug  4 2015 11:06:27 by "java_re" with MS VC++ 10.0 (VS2010)

time: Fri Jun 10 20:46:59 2016
elapsed time: 0 seconds (0d 0h 0m 0s)

